<?xml version="1.0" encoding="UTF-8"?>
<!-- Generated by org.testng.reporters.JUnitXMLReporter -->
<testsuite hostname="MX-IT01120" name="Default test" tests="11" failures="0" timestamp="11 Apr 2018 22:31:10 GMT" time="5.786" errors="0">
  <testcase name="getCommentsTest" time="1.764" classname="com.automation.rest.test.RestAssuredTests"/>
  <testcase name="postByIdTest" time="0.578" classname="com.automation.rest.test.RestAssuredTests"/>
  <testcase name="postByIdTest" time="0.136" classname="com.automation.rest.test.RestAssuredTests"/>
  <testcase name="postByIdTest" time="0.158" classname="com.automation.rest.test.RestAssuredTests"/>
  <testcase name="schemaValidationTest" time="0.564" classname="com.automation.rest.test.RestAssuredTests"/>
  <testcase name="schemaValidationTest" time="0.19" classname="com.automation.rest.test.RestAssuredTests"/>
  <testcase name="schemaValidationTest" time="0.102" classname="com.automation.rest.test.RestAssuredTests"/>
  <testcase name="schemaValidationTest" time="0.369" classname="com.automation.rest.test.RestAssuredTests"/>
  <testcase name="schemaValidationTest" time="0.132" classname="com.automation.rest.test.RestAssuredTests"/>
  <testcase name="schemaValidationTest" time="0.122" classname="com.automation.rest.test.RestAssuredTests"/>
  <testcase name="statusCodeValidation" time="1.648" classname="com.automation.rest.test.RestAssuredTests"/>
</testsuite> <!-- Default test -->
