<?xml version="1.0" encoding="UTF-8"?>
<!-- Generated by org.testng.reporters.JUnitXMLReporter -->
<testsuite hostname="MX-IT01120" name="Default test" tests="11" failures="0" timestamp="4 Apr 2018 21:37:56 GMT" time="7.483" errors="0">
  <testcase name="getCommentsTest" time="1.873" classname="com.automation.rest.test.RestAssuredTests"/>
  <testcase name="postByIdTest" time="0.625" classname="com.automation.rest.test.RestAssuredTests"/>
  <testcase name="postByIdTest" time="0.25" classname="com.automation.rest.test.RestAssuredTests"/>
  <testcase name="postByIdTest" time="0.234" classname="com.automation.rest.test.RestAssuredTests"/>
  <testcase name="schemaValidationTest" time="0.594" classname="com.automation.rest.test.RestAssuredTests"/>
  <testcase name="schemaValidationTest" time="0.25" classname="com.automation.rest.test.RestAssuredTests"/>
  <testcase name="schemaValidationTest" time="0.171" classname="com.automation.rest.test.RestAssuredTests"/>
  <testcase name="schemaValidationTest" time="0.446" classname="com.automation.rest.test.RestAssuredTests"/>
  <testcase name="schemaValidationTest" time="0.172" classname="com.automation.rest.test.RestAssuredTests"/>
  <testcase name="schemaValidationTest" time="0.172" classname="com.automation.rest.test.RestAssuredTests"/>
  <testcase name="statusCodeValidation" time="2.643" classname="com.automation.rest.test.RestAssuredTests"/>
</testsuite> <!-- Default test -->
