<?xml version="1.0" encoding="UTF-8"?>
<testng-results skipped="0" failed="0" total="0" passed="0">
  <reporter-output>
  </reporter-output>
  <suite name="com.automation.rest.AppTest" duration-ms="2" started-at="2018-04-03T18:13:52Z" finished-at="2018-04-03T18:13:52Z">
    <groups>
    </groups>
    <test name="Command line test" duration-ms="2" started-at="2018-04-03T18:13:52Z" finished-at="2018-04-03T18:13:52Z">
    </test> <!-- Command line test -->
  </suite> <!-- com.automation.rest.AppTest -->
</testng-results>
