<?xml version="1.0" encoding="UTF-8"?>
<testsuite xmlns:xsi="http://www.w3.org/2001/XMLSchema-instance" xsi:noNamespaceSchemaLocation="https://maven.apache.org/surefire/maven-surefire-plugin/xsd/surefire-test-report.xsd" name="com.automation.rest.test.RestAssuredTests" time="15.851" tests="11" errors="0" skipped="0" failures="0">
  <properties>
[...]
</properties>
  <testcase name="getCommentsTest" classname="com.automation.rest.test.RestAssuredTests" time="1.714"/>
  <testcase name="postByIdTest" classname="com.automation.rest.test.RestAssuredTests" time="0.538"/>
  <testcase name="postByIdTest" classname="com.automation.rest.test.RestAssuredTests" time="0.185"/>
  <testcase name="postByIdTest" classname="com.automation.rest.test.RestAssuredTests" time="0.278"/>
  <testcase name="schemaValidationTest" classname="com.automation.rest.test.RestAssuredTests" time="0.667"/>
  <testcase name="schemaValidationTest" classname="com.automation.rest.test.RestAssuredTests" time="0.252"/>
  <testcase name="schemaValidationTest" classname="com.automation.rest.test.RestAssuredTests" time="0.199"/>
  <testcase name="schemaValidationTest" classname="com.automation.rest.test.RestAssuredTests" time="0.581"/>
  <testcase name="schemaValidationTest" classname="com.automation.rest.test.RestAssuredTests" time="0.158"/>
  <testcase name="schemaValidationTest" classname="com.automation.rest.test.RestAssuredTests" time="0.161"/>
  <testcase name="statusCodeValidation" classname="com.automation.rest.test.RestAssuredTests" time="10.884"/>
</testsuite>