<?xml version="1.0" encoding="UTF-8"?>
<testng-results skipped="0" failed="0" total="11" passed="11">
  <reporter-output>
  </reporter-output>
  <suite name="Default suite" duration-ms="5786" started-at="2018-04-11T22:31:04Z" finished-at="2018-04-11T22:31:10Z">
    <groups>
    </groups>
    <test name="Default test" duration-ms="5786" started-at="2018-04-11T22:31:04Z" finished-at="2018-04-11T22:31:10Z">
      <class name="com.automation.rest.test.RestAssuredTests">
        <test-method status="PASS" signature="getCommentsTest()[pri:0, instance:com.automation.rest.test.RestAssuredTests@2a5ca609]" name="getCommentsTest" duration-ms="1764" started-at="2018-04-11T17:31:04Z" finished-at="2018-04-11T17:31:06Z">
          <reporter-output>
          </reporter-output>
        </test-method> <!-- getCommentsTest -->
        <test-method status="PASS" signature="postByIdTest(int, int, java.lang.String, java.lang.String)[pri:0, instance:com.automation.rest.test.RestAssuredTests@2a5ca609]" name="postByIdTest" duration-ms="578" started-at="2018-04-11T17:31:06Z" data-provider="getIds" finished-at="2018-04-11T17:31:07Z">
          <params>
            <param index="0">
              <value>
                <![CDATA[20]]>
              </value>
            </param>
            <param index="1">
              <value>
                <![CDATA[2]]>
              </value>
            </param>
            <param index="2">
              <value>
                <![CDATA[doloribus ad provident suscipit at]]>
              </value>
            </param>
            <param index="3">
              <value>
                <![CDATA[qui consequuntur ducimus possimus quisquam amet similique
suscipit porro ipsam amet
eos veritatis officiis exercitationem vel fugit aut necessitatibus totam
omnis rerum consequatur expedita quidem cumque explicabo]]>
              </value>
            </param>
          </params>
          <reporter-output>
          </reporter-output>
        </test-method> <!-- postByIdTest -->
        <test-method status="PASS" signature="postByIdTest(int, int, java.lang.String, java.lang.String)[pri:0, instance:com.automation.rest.test.RestAssuredTests@2a5ca609]" name="postByIdTest" duration-ms="136" started-at="2018-04-11T17:31:07Z" data-provider="getIds" finished-at="2018-04-11T17:31:07Z">
          <params>
            <param index="0">
              <value>
                <![CDATA[50]]>
              </value>
            </param>
            <param index="1">
              <value>
                <![CDATA[5]]>
              </value>
            </param>
            <param index="2">
              <value>
                <![CDATA[repellendus qui recusandae incidunt voluptates tenetur qui omnis exercitationem]]>
              </value>
            </param>
            <param index="3">
              <value>
                <![CDATA[error suscipit maxime adipisci consequuntur recusandae
voluptas eligendi et est et voluptates
quia distinctio ab amet quaerat molestiae et vitae
adipisci impedit sequi nesciunt quis consectetur]]>
              </value>
            </param>
          </params>
          <reporter-output>
          </reporter-output>
        </test-method> <!-- postByIdTest -->
        <test-method status="PASS" signature="postByIdTest(int, int, java.lang.String, java.lang.String)[pri:0, instance:com.automation.rest.test.RestAssuredTests@2a5ca609]" name="postByIdTest" duration-ms="158" started-at="2018-04-11T17:31:07Z" data-provider="getIds" finished-at="2018-04-11T17:31:07Z">
          <params>
            <param index="0">
              <value>
                <![CDATA[100]]>
              </value>
            </param>
            <param index="1">
              <value>
                <![CDATA[10]]>
              </value>
            </param>
            <param index="2">
              <value>
                <![CDATA[at nam consequatur ea labore ea harum]]>
              </value>
            </param>
            <param index="3">
              <value>
                <![CDATA[cupiditate quo est a modi nesciunt soluta
ipsa voluptas error itaque dicta in
autem qui minus magnam et distinctio eum
accusamus ratione error aut]]>
              </value>
            </param>
          </params>
          <reporter-output>
          </reporter-output>
        </test-method> <!-- postByIdTest -->
        <test-method status="PASS" signature="schemaValidationTest(java.lang.String, java.lang.String)[pri:0, instance:com.automation.rest.test.RestAssuredTests@2a5ca609]" name="schemaValidationTest" duration-ms="564" started-at="2018-04-11T17:31:07Z" data-provider="getSchemas" finished-at="2018-04-11T17:31:08Z">
          <params>
            <param index="0">
              <value>
                <![CDATA[/posts]]>
              </value>
            </param>
            <param index="1">
              <value>
                <![CDATA[posts-schema.json]]>
              </value>
            </param>
          </params>
          <reporter-output>
          </reporter-output>
        </test-method> <!-- schemaValidationTest -->
        <test-method status="PASS" signature="schemaValidationTest(java.lang.String, java.lang.String)[pri:0, instance:com.automation.rest.test.RestAssuredTests@2a5ca609]" name="schemaValidationTest" duration-ms="190" started-at="2018-04-11T17:31:08Z" data-provider="getSchemas" finished-at="2018-04-11T17:31:08Z">
          <params>
            <param index="0">
              <value>
                <![CDATA[/comments]]>
              </value>
            </param>
            <param index="1">
              <value>
                <![CDATA[comments-schema.json]]>
              </value>
            </param>
          </params>
          <reporter-output>
          </reporter-output>
        </test-method> <!-- schemaValidationTest -->
        <test-method status="PASS" signature="schemaValidationTest(java.lang.String, java.lang.String)[pri:0, instance:com.automation.rest.test.RestAssuredTests@2a5ca609]" name="schemaValidationTest" duration-ms="102" started-at="2018-04-11T17:31:08Z" data-provider="getSchemas" finished-at="2018-04-11T17:31:08Z">
          <params>
            <param index="0">
              <value>
                <![CDATA[/albums]]>
              </value>
            </param>
            <param index="1">
              <value>
                <![CDATA[albums-schema.json]]>
              </value>
            </param>
          </params>
          <reporter-output>
          </reporter-output>
        </test-method> <!-- schemaValidationTest -->
        <test-method status="PASS" signature="schemaValidationTest(java.lang.String, java.lang.String)[pri:0, instance:com.automation.rest.test.RestAssuredTests@2a5ca609]" name="schemaValidationTest" duration-ms="369" started-at="2018-04-11T17:31:08Z" data-provider="getSchemas" finished-at="2018-04-11T17:31:08Z">
          <params>
            <param index="0">
              <value>
                <![CDATA[/photos]]>
              </value>
            </param>
            <param index="1">
              <value>
                <![CDATA[photos-schema.json]]>
              </value>
            </param>
          </params>
          <reporter-output>
          </reporter-output>
        </test-method> <!-- schemaValidationTest -->
        <test-method status="PASS" signature="schemaValidationTest(java.lang.String, java.lang.String)[pri:0, instance:com.automation.rest.test.RestAssuredTests@2a5ca609]" name="schemaValidationTest" duration-ms="132" started-at="2018-04-11T17:31:08Z" data-provider="getSchemas" finished-at="2018-04-11T17:31:08Z">
          <params>
            <param index="0">
              <value>
                <![CDATA[/todos]]>
              </value>
            </param>
            <param index="1">
              <value>
                <![CDATA[todos-schema.json]]>
              </value>
            </param>
          </params>
          <reporter-output>
          </reporter-output>
        </test-method> <!-- schemaValidationTest -->
        <test-method status="PASS" signature="schemaValidationTest(java.lang.String, java.lang.String)[pri:0, instance:com.automation.rest.test.RestAssuredTests@2a5ca609]" name="schemaValidationTest" duration-ms="122" started-at="2018-04-11T17:31:08Z" data-provider="getSchemas" finished-at="2018-04-11T17:31:08Z">
          <params>
            <param index="0">
              <value>
                <![CDATA[/users]]>
              </value>
            </param>
            <param index="1">
              <value>
                <![CDATA[users-schema.json]]>
              </value>
            </param>
          </params>
          <reporter-output>
          </reporter-output>
        </test-method> <!-- schemaValidationTest -->
        <test-method status="PASS" signature="statusCodeValidation()[pri:0, instance:com.automation.rest.test.RestAssuredTests@2a5ca609]" name="statusCodeValidation" duration-ms="1648" started-at="2018-04-11T17:31:08Z" finished-at="2018-04-11T17:31:10Z">
          <reporter-output>
          </reporter-output>
        </test-method> <!-- statusCodeValidation -->
      </class> <!-- com.automation.rest.test.RestAssuredTests -->
    </test> <!-- Default test -->
  </suite> <!-- Default suite -->
</testng-results>
